
> out@0.1.0 build
> next build --turbopack

   ▲ Next.js 15.5.3 (Turbopack)
   - Environments: .env

   Creating an optimized production build ...
 ✓ Finished writing to disk in 178ms
 ✓ Compiled successfully in 36.5s
   Skipping validation of types
   Skipping linting
   Collecting page data ...
   Generating static pages (0/20) ...
   Generating static pages (5/20) 
   Generating static pages (10/20) 
   Generating static pages (15/20) 
Error occurred prerendering page "/login". Read more: https://nextjs.org/docs/messages/prerender-error
Error: Failed to load chunk server/chunks/ssr/_daf88f35._.js from module 82420
    at Context.loadChunkAsync [as l] (.next/server/chunks/ssr/[turbopack]_runtime.js:648:36) {
  digest: '3445661095',
  [cause]: SyntaxError: await is only valid in async functions and the top level bodies of modules
      at <unknown> (.next/server/chunks/ssr/_daf88f35._.js:1)
}
Export encountered an error on /login/page: /login, exiting the build.
 ⨯ Next.js build worker exited with code: 1 and signal: null
